<?xml version="1.0" encoding="UTF-8"?>
<Site BuildName="(empty)"
	BuildStamp="20231031-1038-Experimental"
	Name="(empty)"
	Generator="ctest-3.27.6"
	CompilerName=""
	CompilerVersion=""
	OSName="Windows"
	Hostname="DESKTOP-21KRHAC"
	OSRelease=" Personal"
	OSVersion=" (Build 19045)"
	OSPlatform="AMD64"
	Is64Bits="1"
	VendorString="GenuineIntel"
	VendorID="Intel Corporation"
	FamilyID="6"
	ModelID="14"
	ProcessorCacheSize="-1"
	NumberOfLogicalCPU="8"
	NumberOfPhysicalCPU="4"
	TotalVirtualMemory="29078"
	TotalPhysicalMemory="16250"
	LogicalProcessorsPerPhysical="2"
	ProcessorClockFrequency="2811"
	>
	<Testing>
		<StartDateTime>Oct 31 17:31 Central European Standard Time</StartDateTime>
		<StartTestTime>1698769895</StartTestTime>
		<TestList/>
		<EndDateTime>Oct 31 17:31 Central European Standard Time</EndDateTime>
		<EndTestTime>1698769895</EndTestTime>
		<ElapsedMinutes>0</ElapsedMinutes>
	</Testing>
</Site>
